<?xml version="1.0" encoding="UTF-8"?>
<!-- Generated by org.testng.reporters.JUnitReportReporter -->
<testsuite skipped="0" hostname="DESKTOP-UM6LR8M" name="com.TestScript.LoginTest" tests="1" failures="0" timestamp="26 Sep 2017 04:13:15 GMT" time="27.149" errors="0">
  <testcase name="Logintoapplication" time="27.149" classname="com.TestScript.LoginTest"/>
</testsuite> <!-- com.TestScript.LoginTest -->
